This is pdfTeX, Version 3.1415926-1.40.10 (TeX Live 2009/Debian) (format=pdflatex 2013.3.30)  1 APR 2013 02:44
entering extended mode
 %&-line parsing enabled.
**\nonstopmode\nofiles\PassOptionsToPackage{active,tightpage,auctex}{preview}\A
tBeginDocument{\ifx\ifPreview\undefined\RequirePackage[displaymath,floats,graph
ics,textmath,sections,footnotes]{preview}[2004/11/05]\fi} \input _region_.tex
(./_region_.tex  !name(report.tex)
(/usr/share/texmf-texlive/tex/latex/base/article.cls
Document Class: article 2007/10/19 v1.4h Standard LaTeX document class
(/usr/share/texmf-texlive/tex/latex/base/size10.clo
File: size10.clo 2007/10/19 v1.4h Standard LaTeX file (size option)
)
\c@part=\count79
\c@section=\count80
\c@subsection=\count81
\c@subsubsection=\count82
\c@paragraph=\count83
\c@subparagraph=\count84
\c@figure=\count85
\c@table=\count86
\abovecaptionskip=\skip41
\belowcaptionskip=\skip42
\bibindent=\dimen102
)
(/usr/share/texmf-texlive/tex/latex/preprint/fullpage.sty
Package: fullpage 1999/02/23 1.1 (PWD)
\FP@margin=\skip43
)
(/usr/share/texmf-texlive/tex/latex/base/inputenc.sty
Package: inputenc 2008/03/30 v1.1d Input encoding file
\inpenc@prehook=\toks14
\inpenc@posthook=\toks15

(/usr/share/texmf-texlive/tex/latex/base/latin1.def
File: latin1.def 2008/03/30 v1.1d Input encoding file
))
(/var/lib/texmf/tex/generic/babel/babel.sty
Package: babel 2008/07/06 v3.8l The Babel package

(/usr/share/texmf-texlive/tex/generic/babel/danish.ldf
Language: danish 2009/09/19 v1.3r Danish support from the babel system

(/usr/share/texmf-texlive/tex/generic/babel/babel.def
File: babel.def 2008/07/06 v3.8l Babel common definitions
\babel@savecnt=\count87
\U@D=\dimen103
)
Package babel Info: Making " an active character on input line 82.
))
(/usr/share/texmf-texlive/tex/latex/listings/listings.sty
(/usr/share/texmf-texlive/tex/latex/graphics/keyval.sty
Package: keyval 1999/03/16 v1.13 key=value parser (DPC)
\KV@toks@=\toks16
)
\lst@mode=\count88
\lst@gtempboxa=\box26
\lst@token=\toks17
\lst@length=\count89
\lst@currlwidth=\dimen104
\lst@column=\count90
\lst@pos=\count91
\lst@lostspace=\dimen105
\lst@width=\dimen106
\lst@newlines=\count92
\lst@lineno=\count93
\lst@maxwidth=\dimen107

(/usr/share/texmf-texlive/tex/latex/listings/lstmisc.sty
File: lstmisc.sty 2007/02/22 1.4 (Carsten Heinz)
\c@lstnumber=\count94
\lst@skipnumbers=\count95
\lst@framebox=\box27
)
(/usr/share/texmf-texlive/tex/latex/listings/listings.cfg
File: listings.cfg 2007/02/22 1.4 listings configuration
))
Package: listings 2007/02/22 1.4 (Carsten Heinz)

(/usr/share/texmf/tex/latex/xcolor/xcolor.sty
Package: xcolor 2007/01/21 v2.11 LaTeX color extensions (UK)

(/etc/texmf/tex/latex/config/color.cfg
File: color.cfg 2007/01/18 v1.5 color configuration of teTeX/TeXLive
)
Package xcolor Info: Driver file: pdftex.def on input line 225.

(/usr/share/texmf-texlive/tex/latex/pdftex-def/pdftex.def
File: pdftex.def 2010/03/12 v0.04p Graphics/color for pdfTeX
\Gread@gobject=\count96
)
Package xcolor Info: Model `cmy' substituted by `cmy0' on input line 1337.
Package xcolor Info: Model `hsb' substituted by `rgb' on input line 1341.
Package xcolor Info: Model `RGB' extended on input line 1353.
Package xcolor Info: Model `HTML' substituted by `rgb' on input line 1355.
Package xcolor Info: Model `Hsb' substituted by `hsb' on input line 1356.
Package xcolor Info: Model `tHsb' substituted by `hsb' on input line 1357.
Package xcolor Info: Model `HSB' substituted by `hsb' on input line 1358.
Package xcolor Info: Model `Gray' substituted by `gray' on input line 1359.
Package xcolor Info: Model `wave' substituted by `hsb' on input line 1360.
)
(/usr/share/texmf-texlive/tex/latex/amsfonts/amssymb.sty
Package: amssymb 2009/06/22 v3.00

(/usr/share/texmf-texlive/tex/latex/amsfonts/amsfonts.sty
Package: amsfonts 2009/06/22 v3.00 Basic AMSFonts support
\@emptytoks=\toks18
\symAMSa=\mathgroup4
\symAMSb=\mathgroup5
LaTeX Font Info:    Overwriting math alphabet `\mathfrak' in version `bold'
(Font)                  U/euf/m/n --> U/euf/b/n on input line 96.
))
(/usr/share/texmf-texlive/tex/latex/amsmath/amsmath.sty
Package: amsmath 2000/07/18 v2.13 AMS math features
\@mathmargin=\skip44

For additional information on amsmath, use the `?' option.
(/usr/share/texmf-texlive/tex/latex/amsmath/amstext.sty
Package: amstext 2000/06/29 v2.01

(/usr/share/texmf-texlive/tex/latex/amsmath/amsgen.sty
File: amsgen.sty 1999/11/30 v2.0
\@emptytoks=\toks19
\ex@=\dimen108
))
(/usr/share/texmf-texlive/tex/latex/amsmath/amsbsy.sty
Package: amsbsy 1999/11/29 v1.2d
\pmbraise@=\dimen109
)
(/usr/share/texmf-texlive/tex/latex/amsmath/amsopn.sty
Package: amsopn 1999/12/14 v2.01 operator names
)
\inf@bad=\count97
LaTeX Info: Redefining \frac on input line 211.
\uproot@=\count98
\leftroot@=\count99
LaTeX Info: Redefining \overline on input line 307.
\classnum@=\count100
\DOTSCASE@=\count101
LaTeX Info: Redefining \ldots on input line 379.
LaTeX Info: Redefining \dots on input line 382.
LaTeX Info: Redefining \cdots on input line 467.
\Mathstrutbox@=\box28
\strutbox@=\box29
\big@size=\dimen110
LaTeX Font Info:    Redeclaring font encoding OML on input line 567.
LaTeX Font Info:    Redeclaring font encoding OMS on input line 568.
\macc@depth=\count102
\c@MaxMatrixCols=\count103
\dotsspace@=\muskip10
\c@parentequation=\count104
\dspbrk@lvl=\count105
\tag@help=\toks20
\row@=\count106
\column@=\count107
\maxfields@=\count108
\andhelp@=\toks21
\eqnshift@=\dimen111
\alignsep@=\dimen112
\tagshift@=\dimen113
\tagwidth@=\dimen114
\totwidth@=\dimen115
\lineht@=\dimen116
\@envbody=\toks22
\multlinegap=\skip45
\multlinetaggap=\skip46
\mathdisplay@stack=\toks23
LaTeX Info: Redefining \[ on input line 2666.
LaTeX Info: Redefining \] on input line 2667.
)
(/usr/share/texmf-texlive/tex/latex/fancyhdr/fancyhdr.sty
\fancy@headwidth=\skip47
\f@ncyO@elh=\skip48
\f@ncyO@erh=\skip49
\f@ncyO@olh=\skip50
\f@ncyO@orh=\skip51
\f@ncyO@elf=\skip52
\f@ncyO@erf=\skip53
\f@ncyO@olf=\skip54
\f@ncyO@orf=\skip55
)
(/usr/share/texmf-texlive/tex/latex/lastpage/lastpage.sty
Package: lastpage 1994/06/25 v0.1b LaTeX2e package for refs to last page number
 (JPG)
)
(/usr/share/texmf-texlive/tex/latex/hyperref/hyperref.sty
Package: hyperref 2009/10/09 v6.79a Hypertext links for LaTeX

(/usr/share/texmf-texlive/tex/generic/oberdiek/ifpdf.sty
Package: ifpdf 2009/04/10 v2.0 Provides the ifpdf switch (HO)
Package ifpdf Info: pdfTeX in pdf mode detected.
)
(/usr/share/texmf-texlive/tex/generic/oberdiek/ifvtex.sty
Package: ifvtex 2008/11/04 v1.4 Switches for detecting VTeX and its modes (HO)
Package ifvtex Info: VTeX not detected.
)
(/usr/share/texmf-texlive/tex/generic/ifxetex/ifxetex.sty
Package: ifxetex 2009/01/23 v0.5 Provides ifxetex conditional
)
(/usr/share/texmf-texlive/tex/latex/oberdiek/hycolor.sty
Package: hycolor 2009/10/02 v1.5 Code for color options of hyperref/bookmark (H
O)

(/usr/share/texmf-texlive/tex/latex/oberdiek/xcolor-patch.sty
Package: xcolor-patch 2009/10/02 xcolor patch
))
\@linkdim=\dimen117
\Hy@linkcounter=\count109
\Hy@pagecounter=\count110

(/usr/share/texmf-texlive/tex/latex/hyperref/pd1enc.def
File: pd1enc.def 2009/10/09 v6.79a Hyperref: PDFDocEncoding definition (HO)
)
(/usr/share/texmf-texlive/tex/generic/oberdiek/etexcmds.sty
Package: etexcmds 2007/12/12 v1.2 Prefix for e-TeX command names (HO)

(/usr/share/texmf-texlive/tex/generic/oberdiek/infwarerr.sty
Package: infwarerr 2007/09/09 v1.2 Providing info/warning/message (HO)
)
Package etexcmds Info: Could not find \expanded.
(etexcmds)             That can mean that you are not using pdfTeX 1.50 or
(etexcmds)             that some package has redefined \expanded.
(etexcmds)             In the latter case, load this package earlier.
)
(/usr/share/texmf-texlive/tex/latex/latexconfig/hyperref.cfg
File: hyperref.cfg 2002/06/06 v1.2 hyperref configuration of TeXLive
)
(/usr/share/texmf-texlive/tex/latex/oberdiek/kvoptions.sty
Package: kvoptions 2009/08/13 v3.4 Keyval support for LaTeX options (HO)

(/usr/share/texmf-texlive/tex/generic/oberdiek/kvsetkeys.sty
Package: kvsetkeys 2009/07/30 v1.5 Key value parser with default handler suppor
t (HO)
))
Package hyperref Info: Hyper figures OFF on input line 2975.
Package hyperref Info: Link nesting OFF on input line 2980.
Package hyperref Info: Hyper index ON on input line 2983.
Package hyperref Info: Plain pages OFF on input line 2990.
Package hyperref Info: Backreferencing OFF on input line 2995.

Implicit mode ON; LaTeX internals redefined
Package hyperref Info: Bookmarks ON on input line 3191.
(/usr/share/texmf-texlive/tex/latex/ltxmisc/url.sty
\Urlmuskip=\muskip11
Package: url 2006/04/12  ver 3.3  Verb mode for urls, etc.
)
LaTeX Info: Redefining \url on input line 3428.

(/usr/share/texmf-texlive/tex/generic/oberdiek/bitset.sty
Package: bitset 2007/09/28 v1.0 Data type bit set (HO)

(/usr/share/texmf-texlive/tex/generic/oberdiek/intcalc.sty
Package: intcalc 2007/09/27 v1.1 Expandable integer calculations (HO)
)
(/usr/share/texmf-texlive/tex/generic/oberdiek/bigintcalc.sty
Package: bigintcalc 2007/11/11 v1.1 Expandable big integer calculations (HO)

(/usr/share/texmf-texlive/tex/generic/oberdiek/pdftexcmds.sty
Package: pdftexcmds 2009/09/23 v0.6 LuaTeX support for pdfTeX utility functions
 (HO)

(/usr/share/texmf-texlive/tex/generic/oberdiek/ifluatex.sty
Package: ifluatex 2009/04/17 v1.2 Provides the ifluatex switch (HO)
Package ifluatex Info: LuaTeX not detected.
)
(/usr/share/texmf-texlive/tex/generic/oberdiek/ltxcmds.sty
Package: ltxcmds 2009/08/05 v1.0 Some LaTeX kernel commands for general use (HO
)
)
Package pdftexcmds Info: LuaTeX not detected.
Package pdftexcmds Info: \pdf@primitive is available.
Package pdftexcmds Info: \pdf@ifprimitive is available.
)))
\Fld@menulength=\count111
\Field@Width=\dimen118
\Fld@charsize=\dimen119
\Field@toks=\toks24
Package hyperref Info: Hyper figures OFF on input line 4377.
Package hyperref Info: Link nesting OFF on input line 4382.
Package hyperref Info: Hyper index ON on input line 4385.
Package hyperref Info: backreferencing OFF on input line 4392.
Package hyperref Info: Link coloring OFF on input line 4397.
Package hyperref Info: Link coloring with OCG OFF on input line 4402.
Package hyperref Info: PDF/A mode OFF on input line 4407.

(/usr/share/texmf-texlive/tex/generic/oberdiek/atbegshi.sty
Package: atbegshi 2008/07/31 v1.9 At begin shipout hook (HO)
)
\Hy@abspage=\count112
\c@Item=\count113
\c@Hfootnote=\count114
)
*hyperref using default driver hpdftex*
(/usr/share/texmf-texlive/tex/latex/hyperref/hpdftex.def
File: hpdftex.def 2009/10/09 v6.79a Hyperref driver for pdfTeX
\Fld@listcount=\count115
)
(/usr/share/texmf-texlive/tex/latex/ltxmisc/parskip.sty
Package: parskip 2001/04/09 non-zero parskip adjustments
)
(/usr/share/texmf-texlive/tex/latex/graphics/graphicx.sty
Package: graphicx 1999/02/16 v1.0f Enhanced LaTeX Graphics (DPC,SPQR)

(/usr/share/texmf-texlive/tex/latex/graphics/graphics.sty
Package: graphics 2009/02/05 v1.0o Standard LaTeX Graphics (DPC,SPQR)

(/usr/share/texmf-texlive/tex/latex/graphics/trig.sty
Package: trig 1999/03/16 v1.09 sin cos tan (DPC)
)
(/etc/texmf/tex/latex/config/graphics.cfg
File: graphics.cfg 2009/08/28 v1.8 graphics configuration of TeX Live
)
Package graphics Info: Driver file: pdftex.def on input line 91.
)
\Gin@req@height=\dimen120
\Gin@req@width=\dimen121
)
(/usr/share/texmf-texlive/tex/latex/oberdiek/epstopdf.sty
Package: epstopdf 2009/10/17 v2.4 Conversion with epstopdf on the fly (HO)

(/usr/share/texmf-texlive/tex/latex/oberdiek/epstopdf-base.sty
Package: epstopdf-base 2009/10/17 v2.4 Base part for package epstopdf

(/usr/share/texmf-texlive/tex/latex/oberdiek/grfext.sty
Package: grfext 2007/09/30 v1.0 Managing graphics extensions (HO)
)

Package epstopdf Warning: Shell escape feature is not enabled.

Package grfext Info: Graphics extension search list:
(grfext)             [.png,.pdf,.jpg,.mps,.jpeg,.jbig2,.jb2,.PNG,.PDF,.JPG,.JPE
G,.JBIG2,.JB2,.eps]
(grfext)             \AppendGraphicsExtensions on input line 433.
(/usr/share/texmf-texlive/tex/latex/latexconfig/epstopdf-sys.cfg
File: epstopdf-sys.cfg 2009/10/26 v1.1 Configuration of epstopdf for TeX Live
)))
(/usr/share/texmf-texlive/tex/latex/listings/lstlang1.sty
File: lstlang1.sty 2004/09/05 1.3 listings language file
)
No file _region_.aux.
LaTeX Font Info:    Checking defaults for OML/cmm/m/it on input line 55.
LaTeX Font Info:    ... okay on input line 55.
LaTeX Font Info:    Checking defaults for T1/cmr/m/n on input line 55.
LaTeX Font Info:    ... okay on input line 55.
LaTeX Font Info:    Checking defaults for OT1/cmr/m/n on input line 55.
LaTeX Font Info:    ... okay on input line 55.
LaTeX Font Info:    Checking defaults for OMS/cmsy/m/n on input line 55.
LaTeX Font Info:    ... okay on input line 55.
LaTeX Font Info:    Checking defaults for OMX/cmex/m/n on input line 55.
LaTeX Font Info:    ... okay on input line 55.
LaTeX Font Info:    Checking defaults for U/cmr/m/n on input line 55.
LaTeX Font Info:    ... okay on input line 55.
LaTeX Font Info:    Checking defaults for PD1/pdf/m/n on input line 55.
LaTeX Font Info:    ... okay on input line 55.
(/usr/share/texmf/tex/latex/preview/preview.sty
Package: preview 2010/02/14 11.86 (AUCTeX/preview-latex)

(/usr/share/texmf/tex/latex/preview/prtightpage.def
\PreviewBorder=\dimen122
)
(/usr/share/texmf/tex/latex/preview/prauctex.def
No auxiliary output files.


\hbadness=\count116
\hfuzz=\dimen123
(/usr/share/texmf/tex/latex/preview/prauctex.cfg))
(/usr/share/texmf/tex/latex/preview/prfootnotes.def)
\pr@snippet=\count117
\pr@box=\box30
\pr@output=\toks25

Preview: Fontsize 10pt
Preview: PDFoutput 1
)
\c@lstlisting=\count118
 (/usr/share/texmf-texlive/tex/context/base/supp-pdf.mkii
[Loading MPS to PDF converter (version 2006.09.02).]
\scratchcounter=\count119
\scratchdimen=\dimen124
\scratchbox=\box31
\nofMPsegments=\count120
\nofMParguments=\count121
\everyMPshowfont=\toks26
\MPscratchCnt=\count122
\MPscratchDim=\dimen125
\MPnumerator=\count123
\everyMPtoPDFconversion=\toks27
)
Package hyperref Info: Link coloring OFF on input line 55.
 (/usr/share/texmf-texlive/tex/latex/hyperref/nameref.sty
Package: nameref 2007/05/29 v2.31 Cross-referencing by name of section

(/usr/share/texmf-texlive/tex/latex/oberdiek/refcount.sty
Package: refcount 2008/08/11 v3.1 Data extraction from references (HO)
)
\c@section@level=\count124
)
LaTeX Info: Redefining \ref on input line 55.
LaTeX Info: Redefining \pageref on input line 55.
\AtBeginShipoutBox=\box32

 !name(report.tex) !offset(-3) 
! Preview: Snippet 1 started.
<-><->
      
l.59 \section
             {Introduktion}
Not a real error.

Preview: Tightpage -32891 -32891 32891 32891
! Preview: Snippet 1 ended.(655359+0x30785865).
<-><->
      
l.59 \section{Introduktion}
                           
Not a real error.

[1{/var/lib/texmf/fonts/map/pdftex/updmap/pdftex.map}

]
! Preview: Snippet 2 started.
<-><->
      
l.64 \section
             {Antal skatte}
Not a real error.

! Preview: Snippet 2 ended.(655359+0x30785865).
<-><->
      
l.64 \section{Antal skatte}
                           
Not a real error.

[2

]
! Preview: Snippet 3 started.
<-><->
      
l.65 \subsection
                {Beskrivelse}
Not a real error.

! Preview: Snippet 3 ended.(546132+0x30785865).
<-><->
      
l.65 \subsection{Beskrivelse}
                             
Not a real error.

[3

]
! Preview: Snippet 4 started.
<-><->
      
l.68 \subsection
                {Implementation og analyse}
Not a real error.

! Preview: Snippet 4 ended.(546132+152916x30785865).
<-><->
      
l.68 \subsection{Implementation og analyse}
                                           
Not a real error.

[4

]
! Preview: Snippet 5 started.
<-><->
      
l.69 ...ph{uden} linieskift karaktere, altsaa en $
                                                  n^2$ lang streng.
Not a real error.

LaTeX Font Info:    Try loading font information for U+msa on input line 69.
(/usr/share/texmf-texlive/tex/latex/amsfonts/umsa.fd
File: umsa.fd 2009/06/22 v3.00 AMS symbols A
)
LaTeX Font Info:    Try loading font information for U+msb on input line 69.

(/usr/share/texmf-texlive/tex/latex/amsfonts/umsb.fd
File: umsb.fd 2009/06/22 v3.00 AMS symbols B
)
! Preview: Snippet 5 ended.(533465+0x687373).
<-><->
      
l.69 ...den} linieskift karaktere, altsaa en $n^2$
                                                   lang streng.
Not a real error.

[5]
! Preview: Snippet 6 started.
<-><->
      
l.71 var amount = 0;                        // <*$
                                                  c$*>
Not a real error.

! Preview: Snippet 6 ended.(225735+0x241273).
<-><->
      
l.71 ...mount = 0;                        // <*$c$
                                                  *>
Not a real error.

[6]
LaTeX Font Info:    Font shape `OT1/cmtt/bx/n' in size <8> not available
(Font)              Font shape `OT1/cmtt/m/n' tried instead on input line 72.

! Preview: Snippet 7 started.
<-><->
      
l.72 foreach (var ch in mapString)          // <*$
                                                  n$*>
Not a real error.

! Preview: Snippet 7 ended.(225735+0x338000).
<-><->
      
l.72 ...ch (var ch in mapString)          // <*$n$
                                                  *>
Not a real error.

[7]
! Preview: Snippet 8 started.
<-><->
      
l.73 ...ch == '<*\$*>')                     // <*$
                                                  n^2$*>
Not a real error.

! Preview: Snippet 8 ended.(438435+0x611063).
<-><->
      
l.73 ...= '<*\$*>')                     // <*$n^2$
                                                  *>
Not a real error.

[8]
! Preview: Snippet 9 started.
<-><->
      
l.74        amount++;                       // <*$
                                                  n^2$*>
Not a real error.

! Preview: Snippet 9 ended.(438435+0x611063).
<-><->
      
l.74 ...amount++;                       // <*$n^2$
                                                  *>
Not a real error.

[9]
! Preview: Snippet 10 started.
<-><->
      
l.76 Console.WriteLine(amount);             // <*$
                                                  c$*>
Not a real error.

! Preview: Snippet 10 ended.(225735+0x241273).
<-><->
      
l.76 ...le.WriteLine(amount);             // <*$c$
                                                  *>
Not a real error.

[10]
! Preview: Snippet 11 started.
<-><->
      
l.79 ...teten som funktion af kortets stoerrelse $
                                                  n$:
Not a real error.

! Preview: Snippet 11 ended.(282168+0x393370).
<-><->
      
l.79 ...ten som funktion af kortets stoerrelse $n$
                                                  :
Not a real error.

[11]
! Preview: Snippet 12 started.
<-><->
      
l.80 \[
        2n^2 + n + 2c \]
Not a real error.

! Preview: Snippet 12 ended.(620846+0x17203781).
<-><->
      
l.80 \[ 2n^2 + n + 2c \]
                        
Not a real error.

[12]
! Preview: Snippet 13 started.
<-><->
      
l.81 ... smider konstanten vaek ender jeg op med $
                                                  n^2$ som den hoejst betyde...

Not a real error.

! Preview: Snippet 13 ended.(533465+0x687373).
<-><->
      
l.81 ...der konstanten vaek ender jeg op med $n^2$
                                                   som den hoejst betydende ...

Not a real error.

[13]
! Preview: Snippet 14 started.
<-><->
      
l.81 ...aktor og dermed er worst-case koeretiden $
                                                  \theta{}(n^2)$. Det giver ...

Not a real error.

! Preview: Snippet 14 ended.(533465+163840x1522959).
<-><->
      
l.81 ...d er worst-case koeretiden $\theta{}(n^2)$
                                                  . Det giver intuitivt meni...

Not a real error.

[14]
! Preview: Snippet 15 started.
<-><->
      
l.81 ...cis een gang, og kortets antal felter er $
                                                  n^2$, hvilket ogsaa viser ...

Not a real error.

! Preview: Snippet 15 ended.(533465+0x687373).
<-><->
      
l.81 ...een gang, og kortets antal felter er $n^2$
                                                  , hvilket ogsaa viser at a...

Not a real error.

[15]
! Preview: Snippet 16 started.
<-><->
      
l.83 \section
             {Tilgængelige skatte}
Not a real error.

! Preview: Snippet 16 ended.(655359+183500x30785865).
<-><->
      
l.83 \section{Tilgængelige skatte}
                                  
Not a real error.

[16

]
! Preview: Snippet 17 started.
<-><->
      
l.84 \subsection
                {Beskrivelse}
Not a real error.

! Preview: Snippet 17 ended.(546132+0x30785865).
<-><->
      
l.84 \subsection{Beskrivelse}
                             
Not a real error.

[17

]
! Preview: Snippet 18 started.
<-><->
      
l.85 Til opgaven bruger jeg BFS\footnote
                                        {Breadth First Search} algoritmen. K...

Not a real error.

! Preview: Snippet 18 ended.(533465+0x294003).
<-><->
      
l.85 ...ger jeg BFS\footnote{Breadth First Search}
                                                   algoritmen. Kortet opfatt...

Not a real error.

[18]

LaTeX Warning: Reference `code:b_found' on page 1 undefined on input line 89.


LaTeX Warning: Reference `code:b_while' on page 1 undefined on input line 91.


LaTeX Warning: Reference `code:b_found_up' on page 1 undefined on input line 91
.


LaTeX Warning: Reference `fig:map_b' on page 1 undefined on input line 95.

! Preview: Snippet 19 started.
<-><->
      
l.95 ...kun er een pil som pejer paa hvert felt ($
                                                  deg^-(v) = 1$), men der ka...

Not a real error.

! Preview: Snippet 19 ended.(521815+163840x3477121).
<-><->
      
l.95 ...l som pejer paa hvert felt ($deg^-(v) = 1$
                                                  ), men der kan vaere fra $...

Not a real error.

[19]
! Preview: Snippet 20 started.
<-><->
      
l.95 ... ($deg^-(v) = 1$), men der kan vaere fra $
                                                  0-3$ ud ($deg^+(v) \in \{0...

Not a real error.

! Preview: Snippet 20 ended.(422343+54613x1456352).
<-><->
      
l.95 ...eg^-(v) = 1$), men der kan vaere fra $0-3$
                                                   ud ($deg^+(v) \in \{0,1,2...

Not a real error.

[20]
! Preview: Snippet 21 started.
<-><->
      
l.95 ...) = 1$), men der kan vaere fra $0-3$ ud ($
                                                  deg^+(v) \in \{0,1,2,3\}$)...

Not a real error.

! Preview: Snippet 21 ended.(521815+163840x5909234).
<-><->
      
l.95 ...e fra $0-3$ ud ($deg^+(v) \in \{0,1,2,3\}$
                                                  ). Dermed er grafen over d...

Not a real error.

[21]
! Preview: Snippet 22 started.
<-><->
      
l.97 \begin{figure}
                   [!htb]
Not a real error.

<map_b.jpg, id=85, 160.6pt x 160.6pt>
File: map_b.jpg Graphic file (type jpg)
 <use map_b.jpg>
! Preview: Snippet 22 ended.(7035957+127431x30785865).
<-><->
      
l.102 \end{figure}
                  
Not a real error.

[22


 <./map_b.jpg>]
! Preview: Snippet 23 started.
<-><->
      
l.104 \subsection
                 {Implementation}
Not a real error.

! Preview: Snippet 23 ended.(546132+152916x30785865).
<-><->
      
l.104 \subsection{Implementation}
                                 
Not a real error.

[23

]

LaTeX Warning: Reference `LastPage' on page 1 undefined on input line 119.

! Preview: Snippet 24 started.
<-><->
      
l.160 \subsection
                 {Analyse}
Not a real error.

! Preview: Snippet 24 ended.(546132+152916x30785865).
<-><->
      
l.160 \subsection{Analyse}
                          
Not a real error.

[24

]
! Preview: Snippet 25 started.
<-><->
      
l.163   \item[Linie 1] $
                        c$
Not a real error.

! Preview: Snippet 25 ended.(282168+0x283611).
<-><->
      
l.163   \item[Linie 1] $c$
                          
Not a real error.

[25]
! Preview: Snippet 26 started.
<-><->
      
l.164   \item[Linie 3] $
                        n$
Not a real error.

! Preview: Snippet 26 ended.(282168+0x393370).
<-><->
      
l.164   \item[Linie 3] $n$
                          
Not a real error.

[26]
! Preview: Snippet 27 started.
<-><->
      
l.165   \item[Linie 4-5] $
                          n^2$
Not a real error.

! Preview: Snippet 27 ended.(533465+0x687373).
<-><->
      
l.165   \item[Linie 4-5] $n^2$
                              
Not a real error.

[27]
! Preview: Snippet 28 started.
<-><->
      
l.166   \item[Linie 12-16] $
                            3c$
Not a real error.

! Preview: Snippet 28 ended.(422343+0x611292).
<-><->
      
l.166   \item[Linie 12-16] $3c$
                               
Not a real error.

[28]
! Preview: Snippet 29 started.
<-><->
      
l.167   \item[Linie 17-29] $
                            n^2$, da \emph{alle} tiles i worst-case tjekkes
Not a real error.

! Preview: Snippet 29 ended.(533465+0x687373).
<-><->
      
l.167   \item[Linie 17-29] $n^2$
                                , da \emph{alle} tiles i worst-case tjekkes
Not a real error.

[29]
! Preview: Snippet 30 started.
<-><->
      
l.168   \item[Linie 40] $
                         4n^2$, da den for hvert felt der tjekkes kaldes 4 g...

Not a real error.

! Preview: Snippet 30 ended.(533465+0x1015054).
<-><->
      
l.168   \item[Linie 40] $4n^2$
                              , da den for hvert felt der tjekkes kaldes 4 g...

Not a real error.

[30]
! Preview: Snippet 31 started.
<-><->
      
l.169   \item[Linie 42-50] $
                            n^2$, da praemissen i linie 40 maksimalt vil opf...

Not a real error.

! Preview: Snippet 31 ended.(533465+0x687373).
<-><->
      
l.169   \item[Linie 42-50] $n^2$
                                , da praemissen i linie 40 maksimalt vil opf...

Not a real error.

[31]
! Preview: Snippet 32 started.
<-><->
      
l.169 ...issen i linie 40 maksimalt vil opfyldes $
                                                  n^2$ gange grundet ``vaeg-...

Not a real error.

! Preview: Snippet 32 ended.(533465+0x687373).
<-><->
      
l.169 ...n i linie 40 maksimalt vil opfyldes $n^2$
                                                   gange grundet ``vaeg-tjek...

Not a real error.

[32]
! Preview: Snippet 33 started.
<-><->
      
l.173 \[
         7n^2 + n + 4c \]
Not a real error.

! Preview: Snippet 33 ended.(620846+0x17203781).
<-><->
      
l.173 \[ 7n^2 + n + 4c \]
                         
Not a real error.

[33]
! Preview: Snippet 34 started.
<-><->
      
l.174 Og derfor i $
                   \theta$ notation: $\theta{}(n^2)$. Jvf. slides brugt i un...

Not a real error.

! Preview: Snippet 34 ended.(455111+0x325860).
<-><->
      
l.174 Og derfor i $\theta$
                           notation: $\theta{}(n^2)$. Jvf. slides brugt i un...

Not a real error.

[34]
! Preview: Snippet 35 started.
<-><->
      
l.174 Og derfor i $\theta$ notation: $
                                      \theta{}(n^2)$. Jvf. slides brugt i un...

Not a real error.

! Preview: Snippet 35 ended.(533465+163840x1522959).
<-><->
      
l.174 ...rfor i $\theta$ notation: $\theta{}(n^2)$
                                                  . Jvf. slides brugt i unde...

Not a real error.

[35]
! Preview: Snippet 36 started.
<-><->
      
l.175 BFS har koeretiden $
                          \theta{}(2m)
Not a real error.

! Missing $ inserted.
<inserted text> 
                $
l.176 \section
              {Den bedste indgang}
I've inserted a begin-math/end-math symbol since I think
you left one out. Proceed, with fingers crossed.

! Preview: Snippet 36 ended.(491520+163840x1738682).
<-><->
      
l.176 \section
              {Den bedste indgang}
Not a real error.

[36]
! Preview: Snippet 37 started.
<-><->
      
l.177 \subsection
                 {Beskrivelse}
Not a real error.

! Preview: Snippet 37 ended.(546132+0x30785865).
<-><->
      
l.177 \subsection{Beskrivelse}
                              
Not a real error.

[37

] AED: lastpage setting LastPage

LaTeX Warning: Reference `LastPage' on page 2 undefined on input line 180.


LaTeX Warning: Reference `LastPage' on page 3 undefined on input line 180.


LaTeX Warning: There were undefined references.

 ) 
Here is how much of TeX's memory you used:
 7950 strings out of 493848
 107763 string characters out of 1152823
 280710 words of memory out of 3000000
 11076 multiletter control sequences out of 15000+50000
 10293 words of font info for 41 fonts, out of 3000000 for 9000
 714 hyphenation exceptions out of 8191
 38i,12n,47p,787b,1798s stack positions out of 5000i,500n,10000p,200000b,50000s
pdfTeX warning (dest): name{Hfootnote.1} has been referenced but does not exi
st, replaced by a fixed one

</usr/share/texmf-texlive/fonts/type1/public/amsfonts/cm/cmbx12.pfb></usr/share
/texmf-texlive/fonts/type1/public/amsfonts/cm/cmmi10.pfb></usr/share/texmf-texl
ive/fonts/type1/public/amsfonts/cm/cmmi8.pfb></usr/share/texmf-texlive/fonts/ty
pe1/public/amsfonts/cm/cmr10.pfb></usr/share/texmf-texlive/fonts/type1/public/a
msfonts/cm/cmr6.pfb></usr/share/texmf-texlive/fonts/type1/public/amsfonts/cm/cm
r7.pfb></usr/share/texmf-texlive/fonts/type1/public/amsfonts/cm/cmsy10.pfb></us
r/share/texmf-texlive/fonts/type1/public/amsfonts/cm/cmsy7.pfb>
Output written on _region_.pdf (37 pages, 110130 bytes).
PDF statistics:
 173 PDF objects out of 1000 (max. 8388607)
 11 named destinations out of 1000 (max. 500000)
 6 words of extra memory for PDF output out of 10000 (max. 10000000)

